<?xml version="1.0" encoding="UTF-8"?>
<!-- Generated by org.testng.reporters.JUnitReportReporter -->
<testsuite skipped="0" hostname="BDC6-LX-F83BPV2" name="com.myntra.testcase.TC01_MyntraLogin" tests="2" failures="0" timestamp="21 Aug 2019 03:45:38 GMT" time="54.795" errors="0">
  <testcase name="login" time="31.645" classname="com.myntra.testcase.TC01_MyntraLogin"/>
  <testcase name="login" time="23.150" classname="com.myntra.testcase.TC01_MyntraLogin"/>
</testsuite> <!-- com.myntra.testcase.TC01_MyntraLogin -->
